proguard/seeds.txt
com.partysearch.ChatApplication
com.partysearch.ChatApplication: ChatApplication()
com.partysearch.LicenseCheck
com.partysearch.LicenseCheck: LicenseCheck()
com.partysearch.MainActivity
com.partysearch.MainActivity: MainActivity()
com.partysearch.MainActivity: void onClick(android.view.View)
com.partysearch.R$attr: int adSize
com.partysearch.R$attr: int adSizes
com.partysearch.R$attr: int adUnitId
com.partysearch.R$attr: int appTheme
com.partysearch.R$attr: int buyButtonAppearance
com.partysearch.R$attr: int buyButtonHeight
com.partysearch.R$attr: int buyButtonText
com.partysearch.R$attr: int buyButtonWidth
com.partysearch.R$attr: int cameraBearing
com.partysearch.R$attr: int cameraTargetLat
com.partysearch.R$attr: int cameraTargetLng
com.partysearch.R$attr: int cameraTilt
com.partysearch.R$attr: int cameraZoom
com.partysearch.R$attr: int circleCrop
com.partysearch.R$attr: int environment
com.partysearch.R$attr: int fragmentMode
com.partysearch.R$attr: int fragmentStyle
com.partysearch.R$attr: int imageAspectRatio
com.partysearch.R$attr: int imageAspectRatioAdjust
com.partysearch.R$attr: int liteMode
com.partysearch.R$attr: int mapType
com.partysearch.R$attr: int maskedWalletDetailsBackground
com.partysearch.R$attr: int maskedWalletDetailsButtonBackground
com.partysearch.R$attr: int maskedWalletDetailsButtonTextAppearance
com.partysearch.R$attr: int maskedWalletDetailsHeaderTextAppearance
com.partysearch.R$attr: int maskedWalletDetailsLogoImageType
com.partysearch.R$attr: int maskedWalletDetailsLogoTextColor
com.partysearch.R$attr: int maskedWalletDetailsTextAppearance
com.partysearch.R$attr: int uiCompass
com.partysearch.R$attr: int uiMapToolbar
com.partysearch.R$attr: int uiRotateGestures
com.partysearch.R$attr: int uiScrollGestures
com.partysearch.R$bool: int isSmall
com.partysearch.R$color: int apptheme_color
com.partysearch.R$color: int common_action_bar_splitter
com.partysearch.R$color: int common_signin_btn_dark_text_default
com.partysearch.R$color: int common_signin_btn_dark_text_disabled
com.partysearch.R$color: int common_signin_btn_dark_text_focused
com.partysearch.R$color: int common_signin_btn_dark_text_pressed
com.partysearch.R$color: int common_signin_btn_default_background
com.partysearch.R$color: int common_signin_btn_light_text_default
com.partysearch.R$color: int common_signin_btn_light_text_disabled
com.partysearch.R$color: int common_signin_btn_light_text_focused
com.partysearch.R$color: int common_signin_btn_light_text_pressed
com.partysearch.R$color: int common_signin_btn_text_dark
com.partysearch.R$color: int common_signin_btn_text_light
com.partysearch.R$color: int wallet_bright_foreground_disabled_holo_light
com.partysearch.R$color: int wallet_bright_foreground_holo_dark
com.partysearch.R$color: int wallet_bright_foreground_holo_light
com.partysearch.R$color: int wallet_dim_foreground_disabled_holo_dark
com.partysearch.R$color: int wallet_dim_foreground_holo_dark
com.partysearch.R$color: int wallet_dim_foreground_inverse_disabled_holo_dark
com.partysearch.R$color: int wallet_dim_foreground_inverse_holo_dark
com.partysearch.R$color: int wallet_highlighted_text_holo_dark
com.partysearch.R$color: int wallet_highlighted_text_holo_light
com.partysearch.R$color: int wallet_hint_foreground_holo_dark
com.partysearch.R$dimen: int activity_horizontal_margin
com.partysearch.R$dimen: int activity_vertical_margin
com.partysearch.R$dimen: int text_size
...
android.support.v4.view.MenuItemCompat$HoneycombMenuVersionImpl
android.support.v4.view.MenuItemCompat$HoneycombMenuVersionImpl: MenuItemCompat$HoneycombMenuVersionImpl()
android.support.v4.view.MenuItemCompat$HoneycombMenuVersionImpl: void setShowAsAction(android.view.MenuItem,int)
android.support.v4.view.MenuItemCompat$HoneycombMenuVersionImpl: android.view.MenuItem setActionView(android.view.MenuItem,android.view.View)
android.support.v4.view.MenuItemCompat$HoneycombMenuVersionImpl: android.view.MenuItem setActionView(android.view.MenuItem,int)
android.support.v4.view.MenuItemCompat$HoneycombMenuVersionImpl: android.view.View getActionView(android.view.MenuItem)
android.support.v4.view.MenuItemCompat$HoneycombMenuVersionImpl: boolean expandActionView(android.view.MenuItem)
android.support.v4.view.MenuItemCompat$HoneycombMenuVersionImpl: boolean collapseActionView(android.view.MenuItem)
android.support.v4.view.MenuItemCompat$HoneycombMenuVersionImpl: boolean isActionViewExpanded(android.view.MenuItem)
android.support.v4.view.MenuItemCompat$HoneycombMenuVersionImpl: android.view.MenuItem setOnActionExpandListener(android.view.MenuItem,android.support.v4.view.MenuItemCompat$OnActionExpandListener)
android.support.v4.view.MenuItemCompat$IcsMenuVersionImpl
android.support.v4.view.MenuItemCompat$IcsMenuVersionImpl: MenuItemCompat$IcsMenuVersionImpl()
android.support.v4.view.MenuItemCompat$IcsMenuVersionImpl: boolean expandActionView(android.view.MenuItem)
android.support.v4.view.MenuItemCompat$IcsMenuVersionImpl: boolean collapseActionView(android.view.MenuItem)
android.support.v4.view.MenuItemCompat$IcsMenuVersionImpl: boolean isActionViewExpanded(android.view.MenuItem)
android.support.v4.view.MenuItemCompat$IcsMenuVersionImpl: android.view.MenuItem setOnActionExpandListener(android.view.MenuItem,android.support.v4.view.MenuItemCompat$OnActionExpandListener)
android.support.v4.view.MenuItemCompat$IcsMenuVersionImpl$1
android.support.v4.view.MenuItemCompat$IcsMenuVersionImpl$1: android.support.v4.view.MenuItemCompat$OnActionExpandListener val$listener
android.support.v4.view.MenuItemCompat$IcsMenuVersionImpl$1: android.support.v4.view.MenuItemCompat$IcsMenuVersionImpl this$0
android.support.v4.view.MenuItemCompat$IcsMenuVersionImpl$1: MenuItemCompat$IcsMenuVersionImpl$1(android.support.v4.view.MenuItemCompat$IcsMenuVersionImpl,android.support.v4.view.MenuItemCompat$OnActionExpandListener)
android.support.v4.view.MenuItemCompat$IcsMenuVersionImpl$1: boolean onMenuItemActionExpand(android.view.MenuItem)
android.support.v4.view.MenuItemCompat$IcsMenuVersionImpl$1: boolean onMenuItemActionCollapse(android.view.MenuItem)
android.support.v4.view.MenuItemCompat$MenuVersionImpl
android.support.v4.view.MenuItemCompat$MenuVersionImpl: void setShowAsAction(android.view.MenuItem,int)
android.support.v4.view.MenuItemCompat$MenuVersionImpl: android.view.MenuItem setActionView(android.view.MenuItem,android.view.View)
android.support.v4.view.MenuItemCompat$MenuVersionImpl: android.view.MenuItem setActionView(android.view.MenuItem,int)
android.support.v4.view.MenuItemCompat$MenuVersionImpl: android.view.View getActionView(android.view.MenuItem)
android.support.v4.view.MenuItemCompat$MenuVersionImpl: boolean expandActionView(android.view.MenuItem)
android.support.v4.view.MenuItemCompat$MenuVersionImpl: boolean collapseActionView(android.view.MenuItem)
android.support.v4.view.MenuItemCompat$MenuVersionImpl: boolean isActionViewExpanded(android.view.MenuItem)
android.support.v4.view.MenuItemCompat$MenuVersionImpl: android.view.MenuItem setOnActionExpandListener(android.view.MenuItem,android.support.v4.view.MenuItemCompat$OnActionExpandListener)
android.support.v4.view.MenuItemCompat$OnActionExpandListener
android.support.v4.view.MenuItemCompat$OnActionExpandListener: boolean onMenuItemActionExpand(android.view.MenuItem)
android.support.v4.view.MenuItemCompat$OnActionExpandListener: boolean onMenuItemActionCollapse(android.view.MenuItem)