proguard/mapping.txt
com.partysearch.ChatApplication -> com.partysearch.ChatApplication:
    void onCreate() -> onCreate
com.partysearch.ChatListAdapter -> com.partysearch.a:
    java.lang.String mUsername -> a
    void populateView(android.view.View,com.partysearch.Room) -> a
    void populateView(android.view.View,java.lang.Object) -> a
com.partysearch.FirebaseListAdapter -> com.partysearch.b:
    com.firebase.client.Query mRef -> a
    java.lang.Class mModelClass -> b
    int mLayout -> c
    android.view.LayoutInflater mInflater -> d
    java.util.List mModels -> e
    java.util.Map mModelKeys -> f
    com.firebase.client.ChildEventListener mListener -> g
    void cleanup() -> a
    int getCount() -> getCount
    java.lang.Object getItem(int) -> getItem
    long getItemId(int) -> getItemId
    android.view.View getView(int,android.view.View,android.view.ViewGroup) -> getView
    void populateView(android.view.View,java.lang.Object) -> a
    java.lang.Class access$0(com.partysearch.FirebaseListAdapter) -> a
    java.util.Map access$1(com.partysearch.FirebaseListAdapter) -> b
    java.util.List access$2(com.partysearch.FirebaseListAdapter) -> c
com.partysearch.FirebaseListAdapter$1 -> com.partysearch.c:
    com.partysearch.FirebaseListAdapter this$0 -> a
    void onChildAdded(com.firebase.client.DataSnapshot,java.lang.String) -> a
    void onChildChanged(com.firebase.client.DataSnapshot,java.lang.String) -> b
    void onChildRemoved(com.firebase.client.DataSnapshot) -> a
    void onChildMoved(com.firebase.client.DataSnapshot,java.lang.String) -> c
    void onCancelled(com.firebase.client.FirebaseError) -> a
com.partysearch.LicenseCheck -> com.partysearch.LicenseCheck:
    android.os.Handler mHandler -> d
    com.google.android.vending.licensing.LicenseChecker mChecker -> e
    com.google.android.vending.licensing.LicenseCheckerCallback mLicenseCheckerCallback -> f
    boolean licensed -> a
    boolean checkingLicense -> b
    boolean didCheck -> c
    byte[] SALT -> g
    void onCreate(android.os.Bundle) -> onCreate
    void doCheck() -> a
    android.app.Dialog onCreateDialog(int) -> onCreateDialog
    void access$0(com.partysearch.LicenseCheck) -> a
com.partysearch.LicenseCheck$1 -> com.partysearch.d:
    com.partysearch.LicenseCheck this$0 -> a
    void onClick(android.content.DialogInterface,int) -> onClick
com.partysearch.LicenseCheck$2 -> com.partysearch.e:
    com.partysearch.LicenseCheck this$0 -> a
    void onClick(android.content.DialogInterface,int) -> onClick
com.partysearch.LicenseCheck$3 -> com.partysearch.f:
    com.partysearch.LicenseCheck this$0 -> a
    void onClick(android.content.DialogInterface,int) -> onClick
com.partysearch.LicenseCheck$4 -> com.partysearch.g:
    com.partysearch.LicenseCheck this$0 -> a
    boolean onKey(android.content.DialogInterface,int,android.view.KeyEvent) -> onKey
com.partysearch.LicenseCheck$MyLicenseCheckerCallback -> com.partysearch.h:
    com.partysearch.LicenseCheck this$0 -> a
    void allow(int) -> allow
    void dontAllow(int) -> dontAllow
    void applicationError(int) -> applicationError
...
com.google.android.gms.drive.internal.OnResourceIdSetResponse -> com.google.android.gms.drive.internal.OnResourceIdSetResponse:
    android.os.Parcelable$Creator CREATOR -> CREATOR
    int zzFG -> a
    java.util.List zzTg -> b
    int describeContents() -> describeContents
    void writeToParcel(android.os.Parcel,int) -> writeToParcel
    int getVersionCode() -> a
    java.util.List zzkE() -> b
com.google.android.gms.drive.internal.OnStorageStatsResponse -> com.google.android.gms.drive.internal.OnStorageStatsResponse:
    android.os.Parcelable$Creator CREATOR -> CREATOR
    int zzFG -> a
    com.google.android.gms.drive.StorageStats zzVa -> b
    int describeContents() -> describeContents
    void writeToParcel(android.os.Parcel,int) -> writeToParcel
com.google.android.gms.drive.internal.OnSyncMoreResponse -> com.google.android.gms.drive.internal.OnSyncMoreResponse:
    android.os.Parcelable$Creator CREATOR -> CREATOR
    int zzFG -> a
    boolean zzTB -> b
    int describeContents() -> describeContents
    void writeToParcel(android.os.Parcel,int) -> writeToParcel
com.google.android.gms.drive.internal.OpenContentsRequest -> com.google.android.gms.drive.internal.OpenContentsRequest:
    android.os.Parcelable$Creator CREATOR -> CREATOR
    int zzFG -> a
    com.google.android.gms.drive.DriveId zzTh -> b
    int zzRW -> c
    int zzVb -> d
    int describeContents() -> describeContents
    void writeToParcel(android.os.Parcel,int) -> writeToParcel
com.google.android.gms.drive.internal.OpenFileIntentSenderRequest -> com.google.android.gms.drive.internal.OpenFileIntentSenderRequest:
    android.os.Parcelable$Creator CREATOR -> CREATOR
    int zzFG -> a
    java.lang.String zzSy -> b
    java.lang.String[] zzSz -> c
    com.google.android.gms.drive.DriveId zzSA -> d
    int describeContents() -> describeContents
    void writeToParcel(android.os.Parcel,int) -> writeToParcel
com.google.android.gms.drive.internal.QueryRequest -> com.google.android.gms.drive.internal.QueryRequest:
    android.os.Parcelable$Creator CREATOR -> CREATOR
    int zzFG -> a
    com.google.android.gms.drive.query.Query zzVd -> b
    int describeContents() -> describeContents
    void writeToParcel(android.os.Parcel,int) -> writeToParcel
com.google.android.gms.drive.internal.RemoveEventListenerRequest -> com.google.android.gms.drive.internal.RemoveEventListenerRequest:
    android.os.Parcelable$Creator CREATOR -> CREATOR
    int zzFG -> a
    com.google.android.gms.drive.DriveId zzRX -> b
    int zzTe -> c
    int describeContents() -> describeContents
    void writeToParcel(android.os.Parcel,int) -> writeToParcel
com.google.android.gms.drive.internal.SetDrivePreferencesRequest -> com.google.android.gms.drive.internal.SetDrivePreferencesRequest:
    android.os.Parcelable$Creator CREATOR -> CREATOR
    int zzFG -> a
    com.google.android.gms.drive.DrivePreferences zzUT -> b
    int describeContents() -> describeContents
    void writeToParcel(android.os.Parcel,int) -> writeToParcel
com.google.android.gms.drive.internal.SetFileUploadPreferencesRequest -> com.google.android.gms.drive.internal.SetFileUploadPreferencesRequest:
    android.os.Parcelable$Creator CREATOR -> CREATOR
    int zzFG -> a
    com.google.android.gms.drive.internal.FileUploadPreferencesImpl zzUQ -> b
    int describeContents() -> describeContents
    void writeToParcel(android.os.Parcel,int) -> writeToParcel
com.google.android.gms.drive.internal.SetResourceParentsRequest -> com.google.android.gms.drive.internal.SetResourceParentsRequest:
    android.os.Parcelable$Creator CREATOR -> CREATOR
    int zzFG -> a
    com.google.android.gms.drive.DriveId zzVe -> b
    java.util.List zzVf -> c
    int describeContents() -> describeContents
    void writeToParcel(android.os.Parcel,int) -> writeToParcel