proguard/usage.txt
com.partysearch.BuildConfig
com.partysearch.Chat
com.partysearch.LicenseCheck:
    private static final java.lang.String BASE64_PUBLIC_KEY
com.partysearch.MainActivity:
    private static final java.lang.String FIREBASE_URL
com.partysearch.R
com.partysearch.R$attr
com.partysearch.R$bool
com.partysearch.R$color
com.partysearch.R$dimen
com.partysearch.R$drawable
com.partysearch.R$id
com.partysearch.R$integer
com.partysearch.R$layout
com.partysearch.R$menu
com.partysearch.R$raw
com.partysearch.R$string
com.partysearch.R$style
com.partysearch.R$styleable
com.partysearch.Room:
    52:52:public java.util.Map getTime()
    61:62:public void setTime(java.lang.Long)
...
com.google.android.gms.analytics.HitBuilders$ExceptionBuilder
com.google.android.gms.analytics.HitBuilders$HitBuilder:
    public com.google.android.gms.analytics.HitBuilders$HitBuilder setNewSession()
    public com.google.android.gms.analytics.HitBuilders$HitBuilder setNonInteraction(boolean)
    public com.google.android.gms.analytics.HitBuilders$HitBuilder setCustomDimension(int,java.lang.String)
    public com.google.android.gms.analytics.HitBuilders$HitBuilder setCustomMetric(int,float)
    public com.google.android.gms.analytics.HitBuilders$HitBuilder setPromotionAction(java.lang.String)
    protected com.google.android.gms.analytics.HitBuilders$HitBuilder setHitType(java.lang.String)
    protected java.lang.String get(java.lang.String)
com.google.android.gms.analytics.HitBuilders$ItemBuilder
com.google.android.gms.analytics.HitBuilders$SocialBuilder
com.google.android.gms.analytics.HitBuilders$TimingBuilder
com.google.android.gms.analytics.HitBuilders$TransactionBuilder
com.google.android.gms.analytics.Logger:
    public abstract void error(java.lang.Exception)
com.google.android.gms.analytics.Logger$LogLevel
com.google.android.gms.analytics.StandardExceptionParser
com.google.android.gms.analytics.Tracker:
    private com.google.android.gms.analytics.ExceptionReporter zzFi
    private com.google.android.gms.analytics.zzam zzFj
    void zza(com.google.android.gms.analytics.zzam)
    private boolean zzgD()
    public void enableExceptionReporting(boolean)
    public void setSessionTimeout(long)
    long zzgE()
    public void enableAutoActivityTracking(boolean)
    boolean zzgF()
    public java.lang.String get(java.lang.String)
    public void setSampleRate(double)
    public void setUseSecure(boolean)
    public void setLocation(java.lang.String)
    public void setReferrer(java.lang.String)
    public void setPage(java.lang.String)
    public void setHostname(java.lang.String)
    public void setTitle(java.lang.String)
    public void setLanguage(java.lang.String)
    public void setEncoding(java.lang.String)
    public void setScreenColors(java.lang.String)
    public void setScreenResolution(int,int)
    public void setViewportSize(java.lang.String)
    public void setClientId(java.lang.String)
    public void setAppName(java.lang.String)
    public void setAppId(java.lang.String)
    public void setAppInstallerId(java.lang.String)
    public void setAppVersion(java.lang.String)
    public void setAnonymizeIp(boolean)
    public void setCampaignParamsOnNextHit(android.net.Uri)
    static java.lang.String zzp(android.app.Activity)
com.google.android.gms.analytics.Tracker$zza:
    private boolean zzFk
    private int zzFl
    private long zzFo
    public void setSessionTimeout(long)
    public long zzgE()
    public void enableAutoActivityTracking(boolean)
    public boolean zzgF()
    private void zzgH()
    public void zzn(android.app.Activity)
    public void zzo(android.app.Activity)
    boolean zzgI()
com.google.android.gms.analytics.ecommerce.ProductAction:
    public static final java.lang.String ACTION_DETAIL
    public static final java.lang.String ACTION_CLICK
    public static final java.lang.String ACTION_ADD
    public static final java.lang.String ACTION_REMOVE
    public static final java.lang.String ACTION_CHECKOUT
    public static final java.lang.String ACTION_CHECKOUT_OPTION
    public static final java.lang.String ACTION_CHECKOUT_OPTIONS
    public static final java.lang.String ACTION_PURCHASE
    public static final java.lang.String ACTION_REFUND
    public com.google.android.gms.analytics.ecommerce.ProductAction setProductListSource(java.lang.String)
com.google.android.gms.analytics.ecommerce.Promotion:
    public static final java.lang.String ACTION_CLICK
    public static final java.lang.String ACTION_VIEW
com.google.android.gms.analytics.zzai:
    public boolean zzaj(java.lang.String)
com.google.android.gms.analytics.zzak:
    public abstract void zzfa()
com.google.android.gms.analytics.zzal